<?xml version="1.0" encoding="UTF-8"?>
<testng-results skipped="0" failed="0" ignored="0" total="1" passed="1">
  <reporter-output>
  </reporter-output>
  <suite name="Suite" duration-ms="13338" started-at="2018-04-15T18:45:10Z" finished-at="2018-04-15T18:45:23Z">
    <groups>
    </groups>
    <test name="Test" duration-ms="13338" started-at="2018-04-15T18:45:10Z" finished-at="2018-04-15T18:45:23Z">
      <class name="CricBuzz.CricBuzz.Cricbuzz">
        <test-method status="PASS" signature="cricbuzztest()[pri:0, instance:CricBuzz.CricBuzz.Cricbuzz@79698539]" name="cricbuzztest" duration-ms="13321" started-at="2018-04-16T00:15:10Z" finished-at="2018-04-16T00:15:23Z">
          <reporter-output>
          </reporter-output>
        </test-method> <!-- cricbuzztest -->
      </class> <!-- CricBuzz.CricBuzz.Cricbuzz -->
    </test> <!-- Test -->
  </suite> <!-- Suite -->
</testng-results>
