<?xml version="1.0" encoding="UTF-8"?>
<testng-results skipped="0" failed="0" ignored="0" total="1" passed="1">
  <reporter-output>
  </reporter-output>
  <suite name="Suite" duration-ms="12527" started-at="2018-04-15T17:48:17Z" finished-at="2018-04-15T17:48:29Z">
    <groups>
    </groups>
    <test name="Test" duration-ms="12527" started-at="2018-04-15T17:48:17Z" finished-at="2018-04-15T17:48:29Z">
      <class name="CricBuzz.CricBuzz.Cricbuzz">
        <test-method status="PASS" signature="cricbuzztest()[pri:0, instance:CricBuzz.CricBuzz.Cricbuzz@553f17c]" name="cricbuzztest" duration-ms="12496" started-at="2018-04-15T17:48:17Z" finished-at="2018-04-15T17:48:29Z">
          <reporter-output>
          </reporter-output>
        </test-method> <!-- cricbuzztest -->
      </class> <!-- CricBuzz.CricBuzz.Cricbuzz -->
    </test> <!-- Test -->
  </suite> <!-- Suite -->
</testng-results>
